         ps       /top_tb/done_FSM  /top_tb/dataMemEn                  /top_tb/dataDataIn   /top_tb/progWriteAddr  /top_tb/donePmemIn                        
          delta          /top_tb/rst  /top_tb/progMemEn                                /top_tb/dataDataOut               /top_tb/doneDmemIn                  
                           /top_tb/ena                /top_tb/progDataIn                           /top_tb/dataWriteAddr                                     
                             /top_tb/clk                                                                   /top_tb/dataReadAddr                              
                          /top_tb/TBactive                                                                                                                   
          0  +1                  U 1 0 0 1          1 1 1101000100000100 0000000000010100 UUUUUUUUUUUUUUUU 000000 000000 UUUUUU FALSE FALSE 
      50000  +2                  U 1 0 1 1          1 1 1101001000000101 0000000000001011 UUUUUUUUUUUUUUUU 000001 000001 UUUUUU FALSE FALSE 
     100000  +1                  U 0 0 0 1          1 1 1101001000000101 0000000000001011 UUUUUUUUUUUUUUUU 000001 000001 UUUUUU FALSE FALSE 
     150000  +3                  U 0 0 1 1          1 1 1100001100011111 0000000000000010 0000000000010100 000010 000010 UUUUUU FALSE FALSE 
     200000  +1                  U 0 0 0 1          1 1 1100001100011111 0000000000000010 0000000000010100 000010 000010 UUUUUU FALSE FALSE 
     250000  +2                  U 0 0 1 1          1 1 1100010000000001 0000000000010111 0000000000010100 000011 000011 UUUUUU FALSE FALSE 
     300000  +1                  U 0 0 0 1          1 1 1100010000000001 0000000000010111 0000000000010100 000011 000011 UUUUUU FALSE FALSE 
     350000  +2                  U 0 0 1 1          1 1 1100010100001110 0000000000001110 0000000000010100 000100 000100 UUUUUU FALSE FALSE 
     400000  +1                  U 0 0 0 1          1 1 1100010100001110 0000000000001110 0000000000010100 000100 000100 UUUUUU FALSE FALSE 
     450000  +2                  U 0 0 1 1          1 1 0010000100010011 0000000000100011 0000000000010100 000101 000101 UUUUUU FALSE FALSE 
     500000  +1                  U 0 0 0 1          1 1 0010000100010011 0000000000100011 0000000000010100 000101 000101 UUUUUU FALSE FALSE 
     550000  +2                  U 0 0 1 1          1 1 0010001000100011 0000000000000110 0000000000010100 000110 000110 UUUUUU FALSE FALSE 
     600000  +1                  U 0 0 0 1          1 1 0010001000100011 0000000000000110 0000000000010100 000110 000110 UUUUUU FALSE FALSE 
     650000  +2                  U 0 0 1 1          1 1 0001011000100001 0000000000000111 0000000000010100 000111 000111 UUUUUU FALSE FALSE 
     700000  +1                  U 0 0 0 1          1 1 0001011000100001 0000000000000111 0000000000010100 000111 000111 UUUUUU FALSE FALSE 
     750000  +2                  U 0 0 1 1          1 1 1000000000000010 0000000000110000 0000000000010100 001000 001000 UUUUUU FALSE FALSE 
     800000  +1                  U 0 0 0 1          1 1 1000000000000010 0000000000110000 0000000000010100 001000 001000 UUUUUU FALSE FALSE 
     850000  +2                  U 0 0 1 1          1 1 0000011001000000 0000000000100111 0000000000010100 001001 001001 UUUUUU FALSE FALSE 
     900000  +1                  U 0 0 0 1          1 1 0000011001000000 0000000000100111 0000000000010100 001001 001001 UUUUUU FALSE FALSE 
     950000  +2                  U 0 0 1 1          1 1 0111000000000001 0000000000001010 0000000000010100 001010 001010 UUUUUU FALSE FALSE 
    1000000  +1                  U 0 0 0 1          1 1 0111000000000001 0000000000001010 0000000000010100 001010 001010 UUUUUU FALSE FALSE 
    1050000  +2                  U 0 0 1 1          1 1 0000011000000000 0000000000001011 0000000000010100 001011 001011 UUUUUU FALSE FALSE 
    1100000  +1                  U 0 0 0 1          1 1 0000011000000000 0000000000001011 0000000000010100 001011 001011 UUUUUU FALSE FALSE 
    1150000  +2                  U 0 0 1 1          1 1 1110011001010000 0000000000001100 0000000000010100 001100 001100 UUUUUU FALSE FALSE 
    1200000  +1                  U 0 0 0 1          1 1 1110011001010000 0000000000001100 0000000000010100 001100 001100 UUUUUU FALSE FALSE 
    1250000  +2                  U 0 0 1 1          1 1 1111000000000000 0000000000001101 0000000000010100 001101 001101 UUUUUU FALSE FALSE 
    1300000  +1                  U 0 0 0 1          1 1 1111000000000000 0000000000001101 0000000000010100 001101 001101 UUUUUU FALSE FALSE 
    1350000  +2                  U 0 0 1 1          1 1 0000000000000000 0000000000000000 0000000000010100 001110 001110 UUUUUU FALSE FALSE 
    1400000  +1                  U 0 0 0 1          1 1 0000000000000000 0000000000000000 0000000000010100 001110 001110 UUUUUU FALSE FALSE 
    1450000  +2                  U 0 0 1 1          0 1 0111000011111110 0000000000000000 0000000000010100 001111 001110 UUUUUU FALSE  TRUE 
    1500000  +1                  U 0 0 0 1          0 1 0111000011111110 0000000000000000 0000000000010100 001111 001110 UUUUUU FALSE  TRUE 
    1550000  +3                  U 0 1 1 0          0 0 0111000011111110 0000000000000000 0000000000010100 001111 001110 UUUUUU  TRUE  TRUE 
    1600000  +1                  U 0 1 0 0          0 0 0111000011111110 0000000000000000 0000000000010100 001111 001110 UUUUUU  TRUE  TRUE 
    1650000  +1                  U 0 1 1 0          0 0 0111000011111110 0000000000000000 0000000000010100 001111 001110 UUUUUU  TRUE  TRUE 
    1700000  +1                  U 0 1 0 0          0 0 0111000011111110 0000000000000000 0000000000010100 001111 001110 UUUUUU  TRUE  TRUE 
    1750000  +1                  U 0 1 1 0          0 0 0111000011111110 0000000000000000 0000000000010100 001111 001110 UUUUUU  TRUE  TRUE 
    1800000  +1                  U 0 1 0 0          0 0 0111000011111110 0000000000000000 0000000000010100 001111 001110 UUUUUU  TRUE  TRUE 
    1850000  +1                  U 0 1 1 0          0 0 0111000011111110 0000000000000000 0000000000010100 001111 001110 UUUUUU  TRUE  TRUE 
    1900000  +1                  U 0 1 0 0          0 0 0111000011111110 0000000000000000 0000000000010100 001111 001110 UUUUUU  TRUE  TRUE 
    1950000  +1                  U 0 1 1 0          0 0 0111000011111110 0000000000000000 0000000000010100 001111 001110 UUUUUU  TRUE  TRUE 
    2000000  +1                  U 0 1 0 0          0 0 0111000011111110 0000000000000000 0000000000010100 001111 001110 UUUUUU  TRUE  TRUE 
    2050000  +1                  U 0 1 1 0          0 0 0111000011111110 0000000000000000 0000000000010100 001111 001110 UUUUUU  TRUE  TRUE 
    2100000  +1                  U 0 1 0 0          0 0 0111000011111110 0000000000000000 0000000000010100 001111 001110 UUUUUU  TRUE  TRUE 
    2150000  +1                  U 0 1 1 0          0 0 0111000011111110 0000000000000000 0000000000010100 001111 001110 UUUUUU  TRUE  TRUE 
    2200000  +1                  U 0 1 0 0          0 0 0111000011111110 0000000000000000 0000000000010100 001111 001110 UUUUUU  TRUE  TRUE 
    2250000  +1                  U 0 1 1 0          0 0 0111000011111110 0000000000000000 0000000000010100 001111 001110 UUUUUU  TRUE  TRUE 
    2300000  +1                  U 0 1 0 0          0 0 0111000011111110 0000000000000000 0000000000010100 001111 001110 UUUUUU  TRUE  TRUE 
    2350000  +1                  U 0 1 1 0          0 0 0111000011111110 0000000000000000 0000000000010100 001111 001110 UUUUUU  TRUE  TRUE 
    2400000  +1                  U 0 1 0 0          0 0 0111000011111110 0000000000000000 0000000000010100 001111 001110 UUUUUU  TRUE  TRUE 
    2450000  +1                  U 0 1 1 0          0 0 0111000011111110 0000000000000000 0000000000010100 001111 001110 UUUUUU  TRUE  TRUE 
    2500000  +1                  U 0 1 0 0          0 0 0111000011111110 0000000000000000 0000000000010100 001111 001110 UUUUUU  TRUE  TRUE 
    2550000  +1                  U 0 1 1 0          0 0 0111000011111110 0000000000000000 0000000000010100 001111 001110 UUUUUU  TRUE  TRUE 
    2600000  +1                  U 0 1 0 0          0 0 0111000011111110 0000000000000000 0000000000010100 001111 001110 UUUUUU  TRUE  TRUE 
    2650000  +1                  U 0 1 1 0          0 0 0111000011111110 0000000000000000 0000000000010100 001111 001110 UUUUUU  TRUE  TRUE 
    2700000  +1                  U 0 1 0 0          0 0 0111000011111110 0000000000000000 0000000000010100 001111 001110 UUUUUU  TRUE  TRUE 
    2750000  +1                  U 0 1 1 0          0 0 0111000011111110 0000000000000000 0000000000010100 001111 001110 UUUUUU  TRUE  TRUE 
    2800000  +1                  U 0 1 0 0          0 0 0111000011111110 0000000000000000 0000000000010100 001111 001110 UUUUUU  TRUE  TRUE 
    2850000  +1                  U 0 1 1 0          0 0 0111000011111110 0000000000000000 0000000000010100 001111 001110 UUUUUU  TRUE  TRUE 
    2900000  +1                  U 0 1 0 0          0 0 0111000011111110 0000000000000000 0000000000010100 001111 001110 UUUUUU  TRUE  TRUE 
    2950000  +1                  U 0 1 1 0          0 0 0111000011111110 0000000000000000 0000000000010100 001111 001110 UUUUUU  TRUE  TRUE 
    3000000  +1                  U 0 1 0 0          0 0 0111000011111110 0000000000000000 0000000000010100 001111 001110 UUUUUU  TRUE  TRUE 
    3050000  +1                  U 0 1 1 0          0 0 0111000011111110 0000000000000000 0000000000010100 001111 001110 UUUUUU  TRUE  TRUE 
    3100000  +1                  U 0 1 0 0          0 0 0111000011111110 0000000000000000 0000000000010100 001111 001110 UUUUUU  TRUE  TRUE 
    3150000  +1                  U 0 1 1 0          0 0 0111000011111110 0000000000000000 0000000000010100 001111 001110 UUUUUU  TRUE  TRUE 
    3200000  +1                  U 0 1 0 0          0 0 0111000011111110 0000000000000000 0000000000010100 001111 001110 UUUUUU  TRUE  TRUE 
    3250000  +1                  U 0 1 1 0          0 0 0111000011111110 0000000000000000 0000000000010100 001111 001110 UUUUUU  TRUE  TRUE 
    3300000  +1                  U 0 1 0 0          0 0 0111000011111110 0000000000000000 0000000000010100 001111 001110 UUUUUU  TRUE  TRUE 
    3350000  +1                  U 0 1 1 0          0 0 0111000011111110 0000000000000000 0000000000010100 001111 001110 UUUUUU  TRUE  TRUE 
    3400000  +1                  U 0 1 0 0          0 0 0111000011111110 0000000000000000 0000000000010100 001111 001110 UUUUUU  TRUE  TRUE 
    3450000  +1                  U 0 1 1 0          0 0 0111000011111110 0000000000000000 0000000000010100 001111 001110 UUUUUU  TRUE  TRUE 
    3500000  +1                  U 0 1 0 0          0 0 0111000011111110 0000000000000000 0000000000010100 001111 001110 UUUUUU  TRUE  TRUE 
    3550000  +1                  U 0 1 1 0          0 0 0111000011111110 0000000000000000 0000000000010100 001111 001110 UUUUUU  TRUE  TRUE 
    3600000  +1                  U 0 1 0 0          0 0 0111000011111110 0000000000000000 0000000000010100 001111 001110 UUUUUU  TRUE  TRUE 
    3650000  +1                  U 0 1 1 0          0 0 0111000011111110 0000000000000000 0000000000010100 001111 001110 UUUUUU  TRUE  TRUE 
    3700000  +1                  U 0 1 0 0          0 0 0111000011111110 0000000000000000 0000000000010100 001111 001110 UUUUUU  TRUE  TRUE 
    3750000  +1                  U 0 1 1 0          0 0 0111000011111110 0000000000000000 0000000000010100 001111 001110 UUUUUU  TRUE  TRUE 
    3800000  +1                  U 0 1 0 0          0 0 0111000011111110 0000000000000000 0000000000010100 001111 001110 UUUUUU  TRUE  TRUE 
    3850000  +1                  U 0 1 1 0          0 0 0111000011111110 0000000000000000 0000000000010100 001111 001110 UUUUUU  TRUE  TRUE 
    3900000  +1                  U 0 1 0 0          0 0 0111000011111110 0000000000000000 0000000000010100 001111 001110 UUUUUU  TRUE  TRUE 
    3950000  +1                  U 0 1 1 0          0 0 0111000011111110 0000000000000000 0000000000010100 001111 001110 UUUUUU  TRUE  TRUE 
    4000000  +1                  U 0 1 0 0          0 0 0111000011111110 0000000000000000 0000000000010100 001111 001110 UUUUUU  TRUE  TRUE 
    4050000  +1                  U 0 1 1 0          0 0 0111000011111110 0000000000000000 0000000000010100 001111 001110 UUUUUU  TRUE  TRUE 
    4100000  +1                  U 0 1 0 0          0 0 0111000011111110 0000000000000000 0000000000010100 001111 001110 UUUUUU  TRUE  TRUE 
    4150000  +1                  U 0 1 1 0          0 0 0111000011111110 0000000000000000 0000000000010100 001111 001110 UUUUUU  TRUE  TRUE 
    4200000  +1                  U 0 1 0 0          0 0 0111000011111110 0000000000000000 0000000000010100 001111 001110 UUUUUU  TRUE  TRUE 
    4250000  +1                  U 0 1 1 0          0 0 0111000011111110 0000000000000000 0000000000010100 001111 001110 UUUUUU  TRUE  TRUE 
    4300000  +1                  U 0 1 0 0          0 0 0111000011111110 0000000000000000 0000000000010100 001111 001110 UUUUUU  TRUE  TRUE 
    4350000  +1                  U 0 1 1 0          0 0 0111000011111110 0000000000000000 0000000000010100 001111 001110 UUUUUU  TRUE  TRUE 
    4400000  +1                  U 0 1 0 0          0 0 0111000011111110 0000000000000000 0000000000010100 001111 001110 UUUUUU  TRUE  TRUE 
    4450000  +1                  U 0 1 1 0          0 0 0111000011111110 0000000000000000 0000000000010100 001111 001110 UUUUUU  TRUE  TRUE 
    4500000  +1                  U 0 1 0 0          0 0 0111000011111110 0000000000000000 0000000000010100 001111 001110 UUUUUU  TRUE  TRUE 
    4550000  +1                  U 0 1 1 0          0 0 0111000011111110 0000000000000000 0000000000010100 001111 001110 UUUUUU  TRUE  TRUE 
    4600000  +1                  U 0 1 0 0          0 0 0111000011111110 0000000000000000 0000000000010100 001111 001110 UUUUUU  TRUE  TRUE 
    4650000  +1                  U 0 1 1 0          0 0 0111000011111110 0000000000000000 0000000000010100 001111 001110 UUUUUU  TRUE  TRUE 
    4700000  +1                  U 0 1 0 0          0 0 0111000011111110 0000000000000000 0000000000010100 001111 001110 UUUUUU  TRUE  TRUE 
    4750000  +1                  U 0 1 1 0          0 0 0111000011111110 0000000000000000 0000000000010100 001111 001110 UUUUUU  TRUE  TRUE 
    4800000  +1                  U 0 1 0 0          0 0 0111000011111110 0000000000000000 0000000000010100 001111 001110 UUUUUU  TRUE  TRUE 
    4850000  +1                  U 0 1 1 0          0 0 0111000011111110 0000000000000000 0000000000010100 001111 001110 UUUUUU  TRUE  TRUE 
    4900000  +1                  U 0 1 0 0          0 0 0111000011111110 0000000000000000 0000000000010100 001111 001110 UUUUUU  TRUE  TRUE 
    4950000  +1                  U 0 1 1 0          0 0 0111000011111110 0000000000000000 0000000000010100 001111 001110 UUUUUU  TRUE  TRUE 
    5000000  +1                  U 0 1 0 0          0 0 0111000011111110 0000000000000000 0000000000010100 001111 001110 UUUUUU  TRUE  TRUE 
    5050000  +1                  U 0 1 1 0          0 0 0111000011111110 0000000000000000 0000000000010100 001111 001110 UUUUUU  TRUE  TRUE 
    5100000  +1                  U 0 1 0 0          0 0 0111000011111110 0000000000000000 0000000000010100 001111 001110 UUUUUU  TRUE  TRUE 
    5150000  +1                  U 0 1 1 0          0 0 0111000011111110 0000000000000000 0000000000010100 001111 001110 UUUUUU  TRUE  TRUE 
    5200000  +1                  U 0 1 0 0          0 0 0111000011111110 0000000000000000 0000000000010100 001111 001110 UUUUUU  TRUE  TRUE 
    5250000  +1                  U 0 1 1 0          0 0 0111000011111110 0000000000000000 0000000000010100 001111 001110 UUUUUU  TRUE  TRUE 
    5300000  +1                  U 0 1 0 0          0 0 0111000011111110 0000000000000000 0000000000010100 001111 001110 UUUUUU  TRUE  TRUE 
    5350000  +1                  U 0 1 1 0          0 0 0111000011111110 0000000000000000 0000000000010100 001111 001110 UUUUUU  TRUE  TRUE 
    5400000  +1                  U 0 1 0 0          0 0 0111000011111110 0000000000000000 0000000000010100 001111 001110 UUUUUU  TRUE  TRUE 
    5450000  +1                  U 0 1 1 0          0 0 0111000011111110 0000000000000000 0000000000010100 001111 001110 UUUUUU  TRUE  TRUE 
    5500000  +1                  U 0 1 0 0          0 0 0111000011111110 0000000000000000 0000000000010100 001111 001110 UUUUUU  TRUE  TRUE 
    5550000  +1                  U 0 1 1 0          0 0 0111000011111110 0000000000000000 0000000000010100 001111 001110 UUUUUU  TRUE  TRUE 
    5600000  +1                  U 0 1 0 0          0 0 0111000011111110 0000000000000000 0000000000010100 001111 001110 UUUUUU  TRUE  TRUE 
    5650000  +1                  U 0 1 1 0          0 0 0111000011111110 0000000000000000 0000000000010100 001111 001110 UUUUUU  TRUE  TRUE 
    5700000  +1                  U 0 1 0 0          0 0 0111000011111110 0000000000000000 0000000000010100 001111 001110 UUUUUU  TRUE  TRUE 
    5750000  +1                  U 0 1 1 0          0 0 0111000011111110 0000000000000000 0000000000010100 001111 001110 UUUUUU  TRUE  TRUE 
    5800000  +1                  U 0 1 0 0          0 0 0111000011111110 0000000000000000 0000000000010100 001111 001110 UUUUUU  TRUE  TRUE 
    5850000  +1                  U 0 1 1 0          0 0 0111000011111110 0000000000000000 0000000000010100 001111 001110 UUUUUU  TRUE  TRUE 
    5900000  +1                  U 0 1 0 0          0 0 0111000011111110 0000000000000000 0000000000010100 001111 001110 UUUUUU  TRUE  TRUE 
    5950000  +1                  U 0 1 1 0          0 0 0111000011111110 0000000000000000 0000000000010100 001111 001110 UUUUUU  TRUE  TRUE 
    6000000  +1                  U 0 1 0 0          0 0 0111000011111110 0000000000000000 0000000000010100 001111 001110 UUUUUU  TRUE  TRUE 
    6050000  +1                  U 0 1 1 0          0 0 0111000011111110 0000000000000000 0000000000010100 001111 001110 UUUUUU  TRUE  TRUE 
    6100000  +1                  U 0 1 0 0          0 0 0111000011111110 0000000000000000 0000000000010100 001111 001110 UUUUUU  TRUE  TRUE 
    6150000  +1                  U 0 1 1 0          0 0 0111000011111110 0000000000000000 0000000000010100 001111 001110 UUUUUU  TRUE  TRUE 
    6200000  +1                  U 0 1 0 0          0 0 0111000011111110 0000000000000000 0000000000010100 001111 001110 UUUUUU  TRUE  TRUE 
    6250000  +1                  U 0 1 1 0          0 0 0111000011111110 0000000000000000 0000000000010100 001111 001110 UUUUUU  TRUE  TRUE 
    6300000  +1                  U 0 1 0 0          0 0 0111000011111110 0000000000000000 0000000000010100 001111 001110 UUUUUU  TRUE  TRUE 
    6350000  +1                  U 0 1 1 0          0 0 0111000011111110 0000000000000000 0000000000010100 001111 001110 UUUUUU  TRUE  TRUE 
    6400000  +1                  U 0 1 0 0          0 0 0111000011111110 0000000000000000 0000000000010100 001111 001110 UUUUUU  TRUE  TRUE 
    6450000  +1                  U 0 1 1 0          0 0 0111000011111110 0000000000000000 0000000000010100 001111 001110 UUUUUU  TRUE  TRUE 
    6500000  +1                  U 0 1 0 0          0 0 0111000011111110 0000000000000000 0000000000010100 001111 001110 UUUUUU  TRUE  TRUE 
    6550000  +1                  U 0 1 1 0          0 0 0111000011111110 0000000000000000 0000000000010100 001111 001110 UUUUUU  TRUE  TRUE 
    6600000  +1                  U 0 1 0 0          0 0 0111000011111110 0000000000000000 0000000000010100 001111 001110 UUUUUU  TRUE  TRUE 
    6650000  +1                  U 0 1 1 0          0 0 0111000011111110 0000000000000000 0000000000010100 001111 001110 UUUUUU  TRUE  TRUE 
    6700000  +1                  U 0 1 0 0          0 0 0111000011111110 0000000000000000 0000000000010100 001111 001110 UUUUUU  TRUE  TRUE 
    6750000  +1                  U 0 1 1 0          0 0 0111000011111110 0000000000000000 0000000000010100 001111 001110 UUUUUU  TRUE  TRUE 
    6800000  +1                  U 0 1 0 0          0 0 0111000011111110 0000000000000000 0000000000010100 001111 001110 UUUUUU  TRUE  TRUE 
    6850000  +1                  U 0 1 1 0          0 0 0111000011111110 0000000000000000 0000000000010100 001111 001110 UUUUUU  TRUE  TRUE 
    6900000  +1                  U 0 1 0 0          0 0 0111000011111110 0000000000000000 0000000000010100 001111 001110 UUUUUU  TRUE  TRUE 
    6950000  +1                  U 0 1 1 0          0 0 0111000011111110 0000000000000000 0000000000010100 001111 001110 UUUUUU  TRUE  TRUE 
    7000000  +1                  U 0 1 0 0          0 0 0111000011111110 0000000000000000 0000000000010100 001111 001110 UUUUUU  TRUE  TRUE 
    7050000  +1                  U 0 1 1 0          0 0 0111000011111110 0000000000000000 0000000000010100 001111 001110 UUUUUU  TRUE  TRUE 
    7100000  +1                  U 0 1 0 0          0 0 0111000011111110 0000000000000000 0000000000010100 001111 001110 UUUUUU  TRUE  TRUE 
    7150000  +1                  U 0 1 1 0          0 0 0111000011111110 0000000000000000 0000000000010100 001111 001110 UUUUUU  TRUE  TRUE 
    7200000  +1                  U 0 1 0 0          0 0 0111000011111110 0000000000000000 0000000000010100 001111 001110 UUUUUU  TRUE  TRUE 
    7250000  +1                  U 0 1 1 0          0 0 0111000011111110 0000000000000000 0000000000010100 001111 001110 UUUUUU  TRUE  TRUE 
    7300000  +1                  U 0 1 0 0          0 0 0111000011111110 0000000000000000 0000000000010100 001111 001110 UUUUUU  TRUE  TRUE 
    7350000  +1                  U 0 1 1 0          0 0 0111000011111110 0000000000000000 0000000000010100 001111 001110 UUUUUU  TRUE  TRUE 
    7400000  +1                  U 0 1 0 0          0 0 0111000011111110 0000000000000000 0000000000010100 001111 001110 UUUUUU  TRUE  TRUE 
    7450000  +1                  U 0 1 1 0          0 0 0111000011111110 0000000000000000 0000000000010100 001111 001110 UUUUUU  TRUE  TRUE 
    7500000  +1                  U 0 1 0 0          0 0 0111000011111110 0000000000000000 0000000000010100 001111 001110 UUUUUU  TRUE  TRUE 
    7550000  +1                  U 0 1 1 0          0 0 0111000011111110 0000000000000000 0000000000010100 001111 001110 UUUUUU  TRUE  TRUE 
    7600000  +1                  U 0 1 0 0          0 0 0111000011111110 0000000000000000 0000000000010100 001111 001110 UUUUUU  TRUE  TRUE 
    7650000  +1                  U 0 1 1 0          0 0 0111000011111110 0000000000000000 0000000000010100 001111 001110 UUUUUU  TRUE  TRUE 
    7700000  +1                  U 0 1 0 0          0 0 0111000011111110 0000000000000000 0000000000010100 001111 001110 UUUUUU  TRUE  TRUE 
    7750000  +1                  U 0 1 1 0          0 0 0111000011111110 0000000000000000 0000000000010100 001111 001110 UUUUUU  TRUE  TRUE 
    7800000  +1                  U 0 1 0 0          0 0 0111000011111110 0000000000000000 0000000000010100 001111 001110 UUUUUU  TRUE  TRUE 
    7850000  +1                  U 0 1 1 0          0 0 0111000011111110 0000000000000000 0000000000010100 001111 001110 UUUUUU  TRUE  TRUE 
    7900000  +1                  U 0 1 0 0          0 0 0111000011111110 0000000000000000 0000000000010100 001111 001110 UUUUUU  TRUE  TRUE 
    7950000  +1                  U 0 1 1 0          0 0 0111000011111110 0000000000000000 0000000000010100 001111 001110 UUUUUU  TRUE  TRUE 
    8000000  +1                  U 0 1 0 0          0 0 0111000011111110 0000000000000000 0000000000010100 001111 001110 UUUUUU  TRUE  TRUE 
    8050000  +1                  U 0 1 1 0          0 0 0111000011111110 0000000000000000 0000000000010100 001111 001110 UUUUUU  TRUE  TRUE 
    8100000  +1                  U 0 1 0 0          0 0 0111000011111110 0000000000000000 0000000000010100 001111 001110 UUUUUU  TRUE  TRUE 
    8150000  +1                  U 0 1 1 0          0 0 0111000011111110 0000000000000000 0000000000010100 001111 001110 UUUUUU  TRUE  TRUE 
    8200000  +1                  U 0 1 0 0          0 0 0111000011111110 0000000000000000 0000000000010100 001111 001110 UUUUUU  TRUE  TRUE 
    8250000  +1                  U 0 1 1 0          0 0 0111000011111110 0000000000000000 0000000000010100 001111 001110 UUUUUU  TRUE  TRUE 
    8300000  +1                  U 0 1 0 0          0 0 0111000011111110 0000000000000000 0000000000010100 001111 001110 UUUUUU  TRUE  TRUE 
    8350000  +1                  U 0 1 1 0          0 0 0111000011111110 0000000000000000 0000000000010100 001111 001110 UUUUUU  TRUE  TRUE 
    8400000  +1                  U 0 1 0 0          0 0 0111000011111110 0000000000000000 0000000000010100 001111 001110 UUUUUU  TRUE  TRUE 
    8450000  +1                  U 0 1 1 0          0 0 0111000011111110 0000000000000000 0000000000010100 001111 001110 UUUUUU  TRUE  TRUE 
    8500000  +1                  U 0 1 0 0          0 0 0111000011111110 0000000000000000 0000000000010100 001111 001110 UUUUUU  TRUE  TRUE 
    8550000  +1                  U 0 1 1 0          0 0 0111000011111110 0000000000000000 0000000000010100 001111 001110 UUUUUU  TRUE  TRUE 
    8600000  +1                  U 0 1 0 0          0 0 0111000011111110 0000000000000000 0000000000010100 001111 001110 UUUUUU  TRUE  TRUE 
    8650000  +1                  U 0 1 1 0          0 0 0111000011111110 0000000000000000 0000000000010100 001111 001110 UUUUUU  TRUE  TRUE 
    8700000  +1                  U 0 1 0 0          0 0 0111000011111110 0000000000000000 0000000000010100 001111 001110 UUUUUU  TRUE  TRUE 
    8750000  +1                  U 0 1 1 0          0 0 0111000011111110 0000000000000000 0000000000010100 001111 001110 UUUUUU  TRUE  TRUE 
    8800000  +1                  U 0 1 0 0          0 0 0111000011111110 0000000000000000 0000000000010100 001111 001110 UUUUUU  TRUE  TRUE 
    8850000  +1                  U 0 1 1 0          0 0 0111000011111110 0000000000000000 0000000000010100 001111 001110 UUUUUU  TRUE  TRUE 
    8900000  +1                  U 0 1 0 0          0 0 0111000011111110 0000000000000000 0000000000010100 001111 001110 UUUUUU  TRUE  TRUE 
    8950000  +1                  U 0 1 1 0          0 0 0111000011111110 0000000000000000 0000000000010100 001111 001110 UUUUUU  TRUE  TRUE 
    9000000  +1                  U 0 1 0 0          0 0 0111000011111110 0000000000000000 0000000000010100 001111 001110 UUUUUU  TRUE  TRUE 
    9050000  +1                  U 0 1 1 0          0 0 0111000011111110 0000000000000000 0000000000010100 001111 001110 UUUUUU  TRUE  TRUE 
    9100000  +1                  U 0 1 0 0          0 0 0111000011111110 0000000000000000 0000000000010100 001111 001110 UUUUUU  TRUE  TRUE 
    9150000  +1                  U 0 1 1 0          0 0 0111000011111110 0000000000000000 0000000000010100 001111 001110 UUUUUU  TRUE  TRUE 
    9200000  +1                  U 0 1 0 0          0 0 0111000011111110 0000000000000000 0000000000010100 001111 001110 UUUUUU  TRUE  TRUE 
    9250000  +1                  U 0 1 1 0          0 0 0111000011111110 0000000000000000 0000000000010100 001111 001110 UUUUUU  TRUE  TRUE 
    9300000  +1                  U 0 1 0 0          0 0 0111000011111110 0000000000000000 0000000000010100 001111 001110 UUUUUU  TRUE  TRUE 
    9350000  +1                  U 0 1 1 0          0 0 0111000011111110 0000000000000000 0000000000010100 001111 001110 UUUUUU  TRUE  TRUE 
    9400000  +1                  U 0 1 0 0          0 0 0111000011111110 0000000000000000 0000000000010100 001111 001110 UUUUUU  TRUE  TRUE 
    9450000  +1                  U 0 1 1 0          0 0 0111000011111110 0000000000000000 0000000000010100 001111 001110 UUUUUU  TRUE  TRUE 
    9500000  +1                  U 0 1 0 0          0 0 0111000011111110 0000000000000000 0000000000010100 001111 001110 UUUUUU  TRUE  TRUE 
    9550000  +1                  U 0 1 1 0          0 0 0111000011111110 0000000000000000 0000000000010100 001111 001110 UUUUUU  TRUE  TRUE 
    9600000  +1                  U 0 1 0 0          0 0 0111000011111110 0000000000000000 0000000000010100 001111 001110 UUUUUU  TRUE  TRUE 
    9650000  +1                  U 0 1 1 0          0 0 0111000011111110 0000000000000000 0000000000010100 001111 001110 UUUUUU  TRUE  TRUE 
    9700000  +1                  U 0 1 0 0          0 0 0111000011111110 0000000000000000 0000000000010100 001111 001110 UUUUUU  TRUE  TRUE 
    9750000  +1                  U 0 1 1 0          0 0 0111000011111110 0000000000000000 0000000000010100 001111 001110 UUUUUU  TRUE  TRUE 
    9800000  +1                  U 0 1 0 0          0 0 0111000011111110 0000000000000000 0000000000010100 001111 001110 UUUUUU  TRUE  TRUE 
    9850000  +1                  U 0 1 1 0          0 0 0111000011111110 0000000000000000 0000000000010100 001111 001110 UUUUUU  TRUE  TRUE 
    9900000  +1                  U 0 1 0 0          0 0 0111000011111110 0000000000000000 0000000000010100 001111 001110 UUUUUU  TRUE  TRUE 
    9950000  +1                  U 0 1 1 0          0 0 0111000011111110 0000000000000000 0000000000010100 001111 001110 UUUUUU  TRUE  TRUE 
   10000000  +1                  U 0 1 0 0          0 0 0111000011111110 0000000000000000 0000000000010100 001111 001110 UUUUUU  TRUE  TRUE 
